<?xml version="1.0" encoding="UTF-8"?>
<testng-results ignored="0" total="2" passed="2" failed="0" skipped="0">
  <reporter-output>
  </reporter-output>
  <suite started-at="2023-04-03T12:07:38 IST" name="Suite" finished-at="2023-04-03T12:08:21 IST" duration-ms="43134">
    <groups>
    </groups>
    <test started-at="2023-04-03T12:07:38 IST" name="Test" finished-at="2023-04-03T12:08:21 IST" duration-ms="43134">
      <class name="decryption.decrypt_1">
        <test-method is-config="true" signature="setup()[pri:0, instance:decryption.decrypt_1@3d34d211]" started-at="2023-04-03T12:07:38 IST" name="setup" finished-at="2023-04-03T12:07:44 IST" duration-ms="5762" status="PASS">
          <reporter-output>
          </reporter-output>
        </test-method> <!-- setup -->
        <test-method signature="loginWithCredentialsFromExcel()[pri:0, instance:decryption.decrypt_1@3d34d211]" started-at="2023-04-03T12:07:44 IST" name="loginWithCredentialsFromExcel" finished-at="2023-04-03T12:08:21 IST" duration-ms="36550" status="PASS">
          <reporter-output>
          </reporter-output>
        </test-method> <!-- loginWithCredentialsFromExcel -->
        <test-method is-config="true" signature="teardown()[pri:0, instance:decryption.decrypt_1@3d34d211]" started-at="2023-04-03T12:08:21 IST" name="teardown" finished-at="2023-04-03T12:08:21 IST" duration-ms="204" status="PASS">
          <reporter-output>
          </reporter-output>
        </test-method> <!-- teardown -->
      </class> <!-- decryption.decrypt_1 -->
      <class name="decryption.EncryptData">
        <test-method signature="main()[pri:0, instance:decryption.EncryptData@1c1bbc4e]" started-at="2023-04-03T12:07:44 IST" name="main" finished-at="2023-04-03T12:07:44 IST" duration-ms="587" status="PASS">
          <reporter-output>
          </reporter-output>
        </test-method> <!-- main -->
      </class> <!-- decryption.EncryptData -->
    </test> <!-- Test -->
  </suite> <!-- Suite -->
</testng-results>
